The system is: Linux - 3.10.0-1160.80.1.el7.x86_64 - x86_64
Compiling the C compiler identification source file "CMakeCCompilerId.c" succeeded.
Compiler: /cvmfs/sft.cern.ch/lcg/releases/gcc/9.2.0-afc57/x86_64-centos7/bin/gcc 
Build flags: 
Id flags:  

The output was:
0


Compilation of the C compiler identification source "CMakeCCompilerId.c" produced "a.out"

The C compiler identification is GNU, found in "/afs/cern.ch/work/z/zhenw/private/vbs/fake_ntuple/nn_ntuple/treemaker/build/CMakeFiles/3.17.3/CompilerIdC/a.out"

Compiling the CXX compiler identification source file "CMakeCXXCompilerId.cpp" succeeded.
Compiler: /cvmfs/sft.cern.ch/lcg/releases/gcc/9.2.0-afc57/x86_64-centos7/bin/g++ 
Build flags: 
Id flags:  

The output was:
0


Compilation of the CXX compiler identification source "CMakeCXXCompilerId.cpp" produced "a.out"

The CXX compiler identification is GNU, found in "/afs/cern.ch/work/z/zhenw/private/vbs/fake_ntuple/nn_ntuple/treemaker/build/CMakeFiles/3.17.3/CompilerIdCXX/a.out"

Determining if the C compiler works passed with the following output:
Change Dir: /afs/cern.ch/work/z/zhenw/private/vbs/fake_ntuple/nn_ntuple/treemaker/build/CMakeFiles/CMakeTmp

Run Build Command(s):/usr/bin/gmake cmTC_1fd71/fast && /usr/bin/gmake  -f CMakeFiles/cmTC_1fd71.dir/build.make CMakeFiles/cmTC_1fd71.dir/build
gmake[1]: Entering directory `/afs/cern.ch/work/z/zhenw/private/vbs/fake_ntuple/nn_ntuple/treemaker/build/CMakeFiles/CMakeTmp'
Building C object CMakeFiles/cmTC_1fd71.dir/testCCompiler.c.o
/cvmfs/sft.cern.ch/lcg/releases/gcc/9.2.0-afc57/x86_64-centos7/bin/gcc    -o CMakeFiles/cmTC_1fd71.dir/testCCompiler.c.o   -c /afs/cern.ch/work/z/zhenw/private/vbs/fake_ntuple/nn_ntuple/treemaker/build/CMakeFiles/CMakeTmp/testCCompiler.c
Linking C executable cmTC_1fd71
/afs/cern.ch/work/z/zhenw/private/software/cmake/cmake-3.17.3-Linux-x86_64/bin/cmake -E cmake_link_script CMakeFiles/cmTC_1fd71.dir/link.txt --verbose=1
/cvmfs/sft.cern.ch/lcg/releases/gcc/9.2.0-afc57/x86_64-centos7/bin/gcc      CMakeFiles/cmTC_1fd71.dir/testCCompiler.c.o  -o cmTC_1fd71 
gmake[1]: Leaving directory `/afs/cern.ch/work/z/zhenw/private/vbs/fake_ntuple/nn_ntuple/treemaker/build/CMakeFiles/CMakeTmp'



Detecting C compiler ABI info compiled with the following output:
Change Dir: /afs/cern.ch/work/z/zhenw/private/vbs/fake_ntuple/nn_ntuple/treemaker/build/CMakeFiles/CMakeTmp

Run Build Command(s):/usr/bin/gmake cmTC_09e4e/fast && /usr/bin/gmake  -f CMakeFiles/cmTC_09e4e.dir/build.make CMakeFiles/cmTC_09e4e.dir/build
gmake[1]: Entering directory `/afs/cern.ch/work/z/zhenw/private/vbs/fake_ntuple/nn_ntuple/treemaker/build/CMakeFiles/CMakeTmp'
Building C object CMakeFiles/cmTC_09e4e.dir/CMakeCCompilerABI.c.o
/cvmfs/sft.cern.ch/lcg/releases/gcc/9.2.0-afc57/x86_64-centos7/bin/gcc   -v -o CMakeFiles/cmTC_09e4e.dir/CMakeCCompilerABI.c.o   -c /afs/cern.ch/work/z/zhenw/private/software/cmake/cmake-3.17.3-Linux-x86_64/share/cmake-3.17/Modules/CMakeCCompilerABI.c
Using built-in specs.
COLLECT_GCC=/cvmfs/sft.cern.ch/lcg/releases/gcc/9.2.0-afc57/x86_64-centos7/bin/gcc
Target: x86_64-pc-linux-gnu
Configured with: /build/gcc/build/contrib/gcc-9.2.0/src/gcc/9.2.0/configure --prefix=/build/gcc/lcgcmake-install/gcc/9.2.0/x86_64-centos7 -with-system-zlib --disable-multilib --enable-languages=all --with-gnu-ld --with-gnu-as
Thread model: posix
gcc version 9.2.0 (GCC) 
COLLECT_GCC_OPTIONS='-v' '-o' 'CMakeFiles/cmTC_09e4e.dir/CMakeCCompilerABI.c.o' '-c' '-mtune=generic' '-march=x86-64'
 /cvmfs/sft.cern.ch/lcg/releases/gcc/9.2.0-afc57/x86_64-centos7/bin/../libexec/gcc/x86_64-pc-linux-gnu/9.2.0/cc1 -quiet -v -iprefix /cvmfs/sft.cern.ch/lcg/releases/gcc/9.2.0-afc57/x86_64-centos7/bin/../lib/gcc/x86_64-pc-linux-gnu/9.2.0/ -isystem /cvmfs/sft.cern.ch/lcg/releases/gcc/9.2.0-afc57/x86_64-centos7/include /afs/cern.ch/work/z/zhenw/private/software/cmake/cmake-3.17.3-Linux-x86_64/share/cmake-3.17/Modules/CMakeCCompilerABI.c -quiet -dumpbase CMakeCCompilerABI.c -mtune=generic -march=x86-64 -auxbase-strip CMakeFiles/cmTC_09e4e.dir/CMakeCCompilerABI.c.o -version -o /tmp/zhenw/ccxG0HN1.s
GNU C17 (GCC) version 9.2.0 (x86_64-pc-linux-gnu)
	compiled by GNU C version 9.2.0, GMP version 6.1.0, MPFR version 3.1.4, MPC version 1.0.3, isl version isl-0.18-GMP

GGC heuristics: --param ggc-min-expand=100 --param ggc-min-heapsize=131072
ignoring nonexistent directory "/cvmfs/sft.cern.ch/lcg/releases/gcc/9.2.0-afc57/x86_64-centos7/bin/../lib/gcc/x86_64-pc-linux-gnu/9.2.0/../../../../x86_64-pc-linux-gnu/include"
ignoring duplicate directory "/cvmfs/sft.cern.ch/lcg/releases/gcc/9.2.0-afc57/x86_64-centos7/bin/../lib/gcc/../../lib/gcc/x86_64-pc-linux-gnu/9.2.0/include"
ignoring duplicate directory "/cvmfs/sft.cern.ch/lcg/releases/gcc/9.2.0-afc57/x86_64-centos7/bin/../lib/gcc/../../include"
ignoring duplicate directory "/cvmfs/sft.cern.ch/lcg/releases/gcc/9.2.0-afc57/x86_64-centos7/bin/../lib/gcc/../../lib/gcc/x86_64-pc-linux-gnu/9.2.0/include-fixed"
ignoring nonexistent directory "/cvmfs/sft.cern.ch/lcg/releases/gcc/9.2.0-afc57/x86_64-centos7/bin/../lib/gcc/../../lib/gcc/x86_64-pc-linux-gnu/9.2.0/../../../../x86_64-pc-linux-gnu/include"
#include "..." search starts here:
#include <...> search starts here:
 /cvmfs/sft.cern.ch/lcg/releases/gcc/9.2.0-afc57/x86_64-centos7/include
 /cvmfs/sft.cern.ch/lcg/views/LCG_97rc4python3/x86_64-centos7-gcc9-opt/include
 /cvmfs/sft.cern.ch/lcg/releases/gcc/9.2.0-afc57/x86_64-centos7/bin/../lib/gcc/x86_64-pc-linux-gnu/9.2.0/include
 /cvmfs/sft.cern.ch/lcg/releases/gcc/9.2.0-afc57/x86_64-centos7/bin/../lib/gcc/x86_64-pc-linux-gnu/9.2.0/include-fixed
 /usr/local/include
 /usr/include
End of search list.
GNU C17 (GCC) version 9.2.0 (x86_64-pc-linux-gnu)
	compiled by GNU C version 9.2.0, GMP version 6.1.0, MPFR version 3.1.4, MPC version 1.0.3, isl version isl-0.18-GMP

GGC heuristics: --param ggc-min-expand=100 --param ggc-min-heapsize=131072
Compiler executable checksum: 4e8abca7dc7970f8893ed3643817ff14
COLLECT_GCC_OPTIONS='-v' '-o' 'CMakeFiles/cmTC_09e4e.dir/CMakeCCompilerABI.c.o' '-c' '-mtune=generic' '-march=x86-64'
 as -v --64 -o CMakeFiles/cmTC_09e4e.dir/CMakeCCompilerABI.c.o /tmp/zhenw/ccxG0HN1.s
GNU assembler version 2.30 (x86_64-pc-linux-gnu) using BFD version (GNU Binutils) 2.30
COMPILER_PATH=/cvmfs/sft.cern.ch/lcg/releases/gcc/9.2.0-afc57/x86_64-centos7/bin/../libexec/gcc/x86_64-pc-linux-gnu/9.2.0/:/cvmfs/sft.cern.ch/lcg/releases/gcc/9.2.0-afc57/x86_64-centos7/bin/../libexec/gcc/:/cvmfs/sft.cern.ch/lcg/releases/gcc/9.2.0-afc57/x86_64-centos7/
LIBRARY_PATH=/cvmfs/sft.cern.ch/lcg/releases/gcc/9.2.0-afc57/x86_64-centos7/bin/../lib/gcc/x86_64-pc-linux-gnu/9.2.0/:/cvmfs/sft.cern.ch/lcg/releases/gcc/9.2.0-afc57/x86_64-centos7/bin/../lib/gcc/:/cvmfs/sft.cern.ch/lcg/releases/gcc/9.2.0-afc57/x86_64-centos7/bin/../lib/gcc/x86_64-pc-linux-gnu/9.2.0/../../../../lib64/:/lib/../lib64/:/usr/lib/../lib64/:/cvmfs/sft.cern.ch/lcg/releases/gcc/9.2.0-afc57/x86_64-centos7/bin/../lib/gcc/x86_64-pc-linux-gnu/9.2.0/../../../:/lib/:/usr/lib/
COLLECT_GCC_OPTIONS='-v' '-o' 'CMakeFiles/cmTC_09e4e.dir/CMakeCCompilerABI.c.o' '-c' '-mtune=generic' '-march=x86-64'
Linking C executable cmTC_09e4e
/afs/cern.ch/work/z/zhenw/private/software/cmake/cmake-3.17.3-Linux-x86_64/bin/cmake -E cmake_link_script CMakeFiles/cmTC_09e4e.dir/link.txt --verbose=1
/cvmfs/sft.cern.ch/lcg/releases/gcc/9.2.0-afc57/x86_64-centos7/bin/gcc     -v CMakeFiles/cmTC_09e4e.dir/CMakeCCompilerABI.c.o  -o cmTC_09e4e 
Using built-in specs.
COLLECT_GCC=/cvmfs/sft.cern.ch/lcg/releases/gcc/9.2.0-afc57/x86_64-centos7/bin/gcc
COLLECT_LTO_WRAPPER=/cvmfs/sft.cern.ch/lcg/releases/gcc/9.2.0-afc57/x86_64-centos7/bin/../libexec/gcc/x86_64-pc-linux-gnu/9.2.0/lto-wrapper
Target: x86_64-pc-linux-gnu
Configured with: /build/gcc/build/contrib/gcc-9.2.0/src/gcc/9.2.0/configure --prefix=/build/gcc/lcgcmake-install/gcc/9.2.0/x86_64-centos7 -with-system-zlib --disable-multilib --enable-languages=all --with-gnu-ld --with-gnu-as
Thread model: posix
gcc version 9.2.0 (GCC) 
COMPILER_PATH=/cvmfs/sft.cern.ch/lcg/releases/gcc/9.2.0-afc57/x86_64-centos7/bin/../libexec/gcc/x86_64-pc-linux-gnu/9.2.0/:/cvmfs/sft.cern.ch/lcg/releases/gcc/9.2.0-afc57/x86_64-centos7/bin/../libexec/gcc/:/cvmfs/sft.cern.ch/lcg/releases/gcc/9.2.0-afc57/x86_64-centos7/
LIBRARY_PATH=/cvmfs/sft.cern.ch/lcg/releases/gcc/9.2.0-afc57/x86_64-centos7/bin/../lib/gcc/x86_64-pc-linux-gnu/9.2.0/:/cvmfs/sft.cern.ch/lcg/releases/gcc/9.2.0-afc57/x86_64-centos7/bin/../lib/gcc/:/cvmfs/sft.cern.ch/lcg/releases/gcc/9.2.0-afc57/x86_64-centos7/bin/../lib/gcc/x86_64-pc-linux-gnu/9.2.0/../../../../lib64/:/lib/../lib64/:/usr/lib/../lib64/:/cvmfs/sft.cern.ch/lcg/releases/gcc/9.2.0-afc57/x86_64-centos7/bin/../lib/gcc/x86_64-pc-linux-gnu/9.2.0/../../../:/lib/:/usr/lib/
COLLECT_GCC_OPTIONS='-v' '-o' 'cmTC_09e4e' '-mtune=generic' '-march=x86-64'
 /cvmfs/sft.cern.ch/lcg/releases/gcc/9.2.0-afc57/x86_64-centos7/bin/../libexec/gcc/x86_64-pc-linux-gnu/9.2.0/collect2 -plugin /cvmfs/sft.cern.ch/lcg/releases/gcc/9.2.0-afc57/x86_64-centos7/bin/../libexec/gcc/x86_64-pc-linux-gnu/9.2.0/liblto_plugin.so -plugin-opt=/cvmfs/sft.cern.ch/lcg/releases/gcc/9.2.0-afc57/x86_64-centos7/bin/../libexec/gcc/x86_64-pc-linux-gnu/9.2.0/lto-wrapper -plugin-opt=-fresolution=/tmp/zhenw/ccRyFWs9.res -plugin-opt=-pass-through=-lgcc -plugin-opt=-pass-through=-lgcc_s -plugin-opt=-pass-through=-lc -plugin-opt=-pass-through=-lgcc -plugin-opt=-pass-through=-lgcc_s --eh-frame-hdr -m elf_x86_64 -dynamic-linker /lib64/ld-linux-x86-64.so.2 -o cmTC_09e4e /lib/../lib64/crt1.o /lib/../lib64/crti.o /cvmfs/sft.cern.ch/lcg/releases/gcc/9.2.0-afc57/x86_64-centos7/bin/../lib/gcc/x86_64-pc-linux-gnu/9.2.0/crtbegin.o -L/cvmfs/sft.cern.ch/lcg/releases/gcc/9.2.0-afc57/x86_64-centos7/bin/../lib/gcc/x86_64-pc-linux-gnu/9.2.0 -L/cvmfs/sft.cern.ch/lcg/releases/gcc/9.2.0-afc57/x86_64-centos7/bin/../lib/gcc -L/cvmfs/sft.cern.ch/lcg/releases/gcc/9.2.0-afc57/x86_64-centos7/bin/../lib/gcc/x86_64-pc-linux-gnu/9.2.0/../../../../lib64 -L/lib/../lib64 -L/usr/lib/../lib64 -L/cvmfs/sft.cern.ch/lcg/releases/gcc/9.2.0-afc57/x86_64-centos7/bin/../lib/gcc/x86_64-pc-linux-gnu/9.2.0/../../.. CMakeFiles/cmTC_09e4e.dir/CMakeCCompilerABI.c.o -lgcc --push-state --as-needed -lgcc_s --pop-state -lc -lgcc --push-state --as-needed -lgcc_s --pop-state /cvmfs/sft.cern.ch/lcg/releases/gcc/9.2.0-afc57/x86_64-centos7/bin/../lib/gcc/x86_64-pc-linux-gnu/9.2.0/crtend.o /lib/../lib64/crtn.o
COLLECT_GCC_OPTIONS='-v' '-o' 'cmTC_09e4e' '-mtune=generic' '-march=x86-64'
gmake[1]: Leaving directory `/afs/cern.ch/work/z/zhenw/private/vbs/fake_ntuple/nn_ntuple/treemaker/build/CMakeFiles/CMakeTmp'



Parsed C implicit include dir info from above output: rv=done
  found start of include info
  found start of implicit include info
    add: [/cvmfs/sft.cern.ch/lcg/releases/gcc/9.2.0-afc57/x86_64-centos7/include]
    add: [/cvmfs/sft.cern.ch/lcg/views/LCG_97rc4python3/x86_64-centos7-gcc9-opt/include]
    add: [/cvmfs/sft.cern.ch/lcg/releases/gcc/9.2.0-afc57/x86_64-centos7/bin/../lib/gcc/x86_64-pc-linux-gnu/9.2.0/include]
    add: [/cvmfs/sft.cern.ch/lcg/releases/gcc/9.2.0-afc57/x86_64-centos7/bin/../lib/gcc/x86_64-pc-linux-gnu/9.2.0/include-fixed]
    add: [/usr/local/include]
    add: [/usr/include]
  end of search list found
  collapse include dir [/cvmfs/sft.cern.ch/lcg/releases/gcc/9.2.0-afc57/x86_64-centos7/include] ==> [/cvmfs/sft.cern.ch/lcg/releases/gcc/9.2.0-afc57/x86_64-centos7/include]
  collapse include dir [/cvmfs/sft.cern.ch/lcg/views/LCG_97rc4python3/x86_64-centos7-gcc9-opt/include] ==> [/cvmfs/sft.cern.ch/lcg/views/LCG_97rc4python3/x86_64-centos7-gcc9-opt/include]
  collapse include dir [/cvmfs/sft.cern.ch/lcg/releases/gcc/9.2.0-afc57/x86_64-centos7/bin/../lib/gcc/x86_64-pc-linux-gnu/9.2.0/include] ==> [/cvmfs/sft.cern.ch/lcg/releases/gcc/9.2.0-afc57/x86_64-centos7/lib/gcc/x86_64-pc-linux-gnu/9.2.0/include]
  collapse include dir [/cvmfs/sft.cern.ch/lcg/releases/gcc/9.2.0-afc57/x86_64-centos7/bin/../lib/gcc/x86_64-pc-linux-gnu/9.2.0/include-fixed] ==> [/cvmfs/sft.cern.ch/lcg/releases/gcc/9.2.0-afc57/x86_64-centos7/lib/gcc/x86_64-pc-linux-gnu/9.2.0/include-fixed]
  collapse include dir [/usr/local/include] ==> [/usr/local/include]
  collapse include dir [/usr/include] ==> [/usr/include]
  implicit include dirs: [/cvmfs/sft.cern.ch/lcg/releases/gcc/9.2.0-afc57/x86_64-centos7/include;/cvmfs/sft.cern.ch/lcg/views/LCG_97rc4python3/x86_64-centos7-gcc9-opt/include;/cvmfs/sft.cern.ch/lcg/releases/gcc/9.2.0-afc57/x86_64-centos7/lib/gcc/x86_64-pc-linux-gnu/9.2.0/include;/cvmfs/sft.cern.ch/lcg/releases/gcc/9.2.0-afc57/x86_64-centos7/lib/gcc/x86_64-pc-linux-gnu/9.2.0/include-fixed;/usr/local/include;/usr/include]


Parsed C implicit link information from above output:
  link line regex: [^( *|.*[/\])(ld|CMAKE_LINK_STARTFILE-NOTFOUND|([^/\]+-)?ld|collect2)[^/\]*( |$)]
  ignore line: [Change Dir: /afs/cern.ch/work/z/zhenw/private/vbs/fake_ntuple/nn_ntuple/treemaker/build/CMakeFiles/CMakeTmp]
  ignore line: []
  ignore line: [Run Build Command(s):/usr/bin/gmake cmTC_09e4e/fast && /usr/bin/gmake  -f CMakeFiles/cmTC_09e4e.dir/build.make CMakeFiles/cmTC_09e4e.dir/build]
  ignore line: [gmake[1]: Entering directory `/afs/cern.ch/work/z/zhenw/private/vbs/fake_ntuple/nn_ntuple/treemaker/build/CMakeFiles/CMakeTmp']
  ignore line: [Building C object CMakeFiles/cmTC_09e4e.dir/CMakeCCompilerABI.c.o]
  ignore line: [/cvmfs/sft.cern.ch/lcg/releases/gcc/9.2.0-afc57/x86_64-centos7/bin/gcc   -v -o CMakeFiles/cmTC_09e4e.dir/CMakeCCompilerABI.c.o   -c /afs/cern.ch/work/z/zhenw/private/software/cmake/cmake-3.17.3-Linux-x86_64/share/cmake-3.17/Modules/CMakeCCompilerABI.c]
  ignore line: [Using built-in specs.]
  ignore line: [COLLECT_GCC=/cvmfs/sft.cern.ch/lcg/releases/gcc/9.2.0-afc57/x86_64-centos7/bin/gcc]
  ignore line: [Target: x86_64-pc-linux-gnu]
  ignore line: [Configured with: /build/gcc/build/contrib/gcc-9.2.0/src/gcc/9.2.0/configure --prefix=/build/gcc/lcgcmake-install/gcc/9.2.0/x86_64-centos7 -with-system-zlib --disable-multilib --enable-languages=all --with-gnu-ld --with-gnu-as]
  ignore line: [Thread model: posix]
  ignore line: [gcc version 9.2.0 (GCC) ]
  ignore line: [COLLECT_GCC_OPTIONS='-v' '-o' 'CMakeFiles/cmTC_09e4e.dir/CMakeCCompilerABI.c.o' '-c' '-mtune=generic' '-march=x86-64']
  ignore line: [ /cvmfs/sft.cern.ch/lcg/releases/gcc/9.2.0-afc57/x86_64-centos7/bin/../libexec/gcc/x86_64-pc-linux-gnu/9.2.0/cc1 -quiet -v -iprefix /cvmfs/sft.cern.ch/lcg/releases/gcc/9.2.0-afc57/x86_64-centos7/bin/../lib/gcc/x86_64-pc-linux-gnu/9.2.0/ -isystem /cvmfs/sft.cern.ch/lcg/releases/gcc/9.2.0-afc57/x86_64-centos7/include /afs/cern.ch/work/z/zhenw/private/software/cmake/cmake-3.17.3-Linux-x86_64/share/cmake-3.17/Modules/CMakeCCompilerABI.c -quiet -dumpbase CMakeCCompilerABI.c -mtune=generic -march=x86-64 -auxbase-strip CMakeFiles/cmTC_09e4e.dir/CMakeCCompilerABI.c.o -version -o /tmp/zhenw/ccxG0HN1.s]
  ignore line: [GNU C17 (GCC) version 9.2.0 (x86_64-pc-linux-gnu)]
  ignore line: [	compiled by GNU C version 9.2.0  GMP version 6.1.0  MPFR version 3.1.4  MPC version 1.0.3  isl version isl-0.18-GMP]
  ignore line: []
  ignore line: [GGC heuristics: --param ggc-min-expand=100 --param ggc-min-heapsize=131072]
  ignore line: [ignoring nonexistent directory "/cvmfs/sft.cern.ch/lcg/releases/gcc/9.2.0-afc57/x86_64-centos7/bin/../lib/gcc/x86_64-pc-linux-gnu/9.2.0/../../../../x86_64-pc-linux-gnu/include"]
  ignore line: [ignoring duplicate directory "/cvmfs/sft.cern.ch/lcg/releases/gcc/9.2.0-afc57/x86_64-centos7/bin/../lib/gcc/../../lib/gcc/x86_64-pc-linux-gnu/9.2.0/include"]
  ignore line: [ignoring duplicate directory "/cvmfs/sft.cern.ch/lcg/releases/gcc/9.2.0-afc57/x86_64-centos7/bin/../lib/gcc/../../include"]
  ignore line: [ignoring duplicate directory "/cvmfs/sft.cern.ch/lcg/releases/gcc/9.2.0-afc57/x86_64-centos7/bin/../lib/gcc/../../lib/gcc/x86_64-pc-linux-gnu/9.2.0/include-fixed"]
  ignore line: [ignoring nonexistent directory "/cvmfs/sft.cern.ch/lcg/releases/gcc/9.2.0-afc57/x86_64-centos7/bin/../lib/gcc/../../lib/gcc/x86_64-pc-linux-gnu/9.2.0/../../../../x86_64-pc-linux-gnu/include"]
  ignore line: [#include "..." search starts here:]
  ignore line: [#include <...> search starts here:]
  ignore line: [ /cvmfs/sft.cern.ch/lcg/releases/gcc/9.2.0-afc57/x86_64-centos7/include]
  ignore line: [ /cvmfs/sft.cern.ch/lcg/views/LCG_97rc4python3/x86_64-centos7-gcc9-opt/include]
  ignore line: [ /cvmfs/sft.cern.ch/lcg/releases/gcc/9.2.0-afc57/x86_64-centos7/bin/../lib/gcc/x86_64-pc-linux-gnu/9.2.0/include]
  ignore line: [ /cvmfs/sft.cern.ch/lcg/releases/gcc/9.2.0-afc57/x86_64-centos7/bin/../lib/gcc/x86_64-pc-linux-gnu/9.2.0/include-fixed]
  ignore line: [ /usr/local/include]
  ignore line: [ /usr/include]
  ignore line: [End of search list.]
  ignore line: [GNU C17 (GCC) version 9.2.0 (x86_64-pc-linux-gnu)]
  ignore line: [	compiled by GNU C version 9.2.0  GMP version 6.1.0  MPFR version 3.1.4  MPC version 1.0.3  isl version isl-0.18-GMP]
  ignore line: []
  ignore line: [GGC heuristics: --param ggc-min-expand=100 --param ggc-min-heapsize=131072]
  ignore line: [Compiler executable checksum: 4e8abca7dc7970f8893ed3643817ff14]
  ignore line: [COLLECT_GCC_OPTIONS='-v' '-o' 'CMakeFiles/cmTC_09e4e.dir/CMakeCCompilerABI.c.o' '-c' '-mtune=generic' '-march=x86-64']
  ignore line: [ as -v --64 -o CMakeFiles/cmTC_09e4e.dir/CMakeCCompilerABI.c.o /tmp/zhenw/ccxG0HN1.s]
  ignore line: [GNU assembler version 2.30 (x86_64-pc-linux-gnu) using BFD version (GNU Binutils) 2.30]
  ignore line: [COMPILER_PATH=/cvmfs/sft.cern.ch/lcg/releases/gcc/9.2.0-afc57/x86_64-centos7/bin/../libexec/gcc/x86_64-pc-linux-gnu/9.2.0/:/cvmfs/sft.cern.ch/lcg/releases/gcc/9.2.0-afc57/x86_64-centos7/bin/../libexec/gcc/:/cvmfs/sft.cern.ch/lcg/releases/gcc/9.2.0-afc57/x86_64-centos7/]
  ignore line: [LIBRARY_PATH=/cvmfs/sft.cern.ch/lcg/releases/gcc/9.2.0-afc57/x86_64-centos7/bin/../lib/gcc/x86_64-pc-linux-gnu/9.2.0/:/cvmfs/sft.cern.ch/lcg/releases/gcc/9.2.0-afc57/x86_64-centos7/bin/../lib/gcc/:/cvmfs/sft.cern.ch/lcg/releases/gcc/9.2.0-afc57/x86_64-centos7/bin/../lib/gcc/x86_64-pc-linux-gnu/9.2.0/../../../../lib64/:/lib/../lib64/:/usr/lib/../lib64/:/cvmfs/sft.cern.ch/lcg/releases/gcc/9.2.0-afc57/x86_64-centos7/bin/../lib/gcc/x86_64-pc-linux-gnu/9.2.0/../../../:/lib/:/usr/lib/]
  ignore line: [COLLECT_GCC_OPTIONS='-v' '-o' 'CMakeFiles/cmTC_09e4e.dir/CMakeCCompilerABI.c.o' '-c' '-mtune=generic' '-march=x86-64']
  ignore line: [Linking C executable cmTC_09e4e]
  ignore line: [/afs/cern.ch/work/z/zhenw/private/software/cmake/cmake-3.17.3-Linux-x86_64/bin/cmake -E cmake_link_script CMakeFiles/cmTC_09e4e.dir/link.txt --verbose=1]
  ignore line: [/cvmfs/sft.cern.ch/lcg/releases/gcc/9.2.0-afc57/x86_64-centos7/bin/gcc     -v CMakeFiles/cmTC_09e4e.dir/CMakeCCompilerABI.c.o  -o cmTC_09e4e ]
  ignore line: [Using built-in specs.]
  ignore line: [COLLECT_GCC=/cvmfs/sft.cern.ch/lcg/releases/gcc/9.2.0-afc57/x86_64-centos7/bin/gcc]
  ignore line: [COLLECT_LTO_WRAPPER=/cvmfs/sft.cern.ch/lcg/releases/gcc/9.2.0-afc57/x86_64-centos7/bin/../libexec/gcc/x86_64-pc-linux-gnu/9.2.0/lto-wrapper]
  ignore line: [Target: x86_64-pc-linux-gnu]
  ignore line: [Configured with: /build/gcc/build/contrib/gcc-9.2.0/src/gcc/9.2.0/configure --prefix=/build/gcc/lcgcmake-install/gcc/9.2.0/x86_64-centos7 -with-system-zlib --disable-multilib --enable-languages=all --with-gnu-ld --with-gnu-as]
  ignore line: [Thread model: posix]
  ignore line: [gcc version 9.2.0 (GCC) ]
  ignore line: [COMPILER_PATH=/cvmfs/sft.cern.ch/lcg/releases/gcc/9.2.0-afc57/x86_64-centos7/bin/../libexec/gcc/x86_64-pc-linux-gnu/9.2.0/:/cvmfs/sft.cern.ch/lcg/releases/gcc/9.2.0-afc57/x86_64-centos7/bin/../libexec/gcc/:/cvmfs/sft.cern.ch/lcg/releases/gcc/9.2.0-afc57/x86_64-centos7/]
  ignore line: [LIBRARY_PATH=/cvmfs/sft.cern.ch/lcg/releases/gcc/9.2.0-afc57/x86_64-centos7/bin/../lib/gcc/x86_64-pc-linux-gnu/9.2.0/:/cvmfs/sft.cern.ch/lcg/releases/gcc/9.2.0-afc57/x86_64-centos7/bin/../lib/gcc/:/cvmfs/sft.cern.ch/lcg/releases/gcc/9.2.0-afc57/x86_64-centos7/bin/../lib/gcc/x86_64-pc-linux-gnu/9.2.0/../../../../lib64/:/lib/../lib64/:/usr/lib/../lib64/:/cvmfs/sft.cern.ch/lcg/releases/gcc/9.2.0-afc57/x86_64-centos7/bin/../lib/gcc/x86_64-pc-linux-gnu/9.2.0/../../../:/lib/:/usr/lib/]
  ignore line: [COLLECT_GCC_OPTIONS='-v' '-o' 'cmTC_09e4e' '-mtune=generic' '-march=x86-64']
  link line: [ /cvmfs/sft.cern.ch/lcg/releases/gcc/9.2.0-afc57/x86_64-centos7/bin/../libexec/gcc/x86_64-pc-linux-gnu/9.2.0/collect2 -plugin /cvmfs/sft.cern.ch/lcg/releases/gcc/9.2.0-afc57/x86_64-centos7/bin/../libexec/gcc/x86_64-pc-linux-gnu/9.2.0/liblto_plugin.so -plugin-opt=/cvmfs/sft.cern.ch/lcg/releases/gcc/9.2.0-afc57/x86_64-centos7/bin/../libexec/gcc/x86_64-pc-linux-gnu/9.2.0/lto-wrapper -plugin-opt=-fresolution=/tmp/zhenw/ccRyFWs9.res -plugin-opt=-pass-through=-lgcc -plugin-opt=-pass-through=-lgcc_s -plugin-opt=-pass-through=-lc -plugin-opt=-pass-through=-lgcc -plugin-opt=-pass-through=-lgcc_s --eh-frame-hdr -m elf_x86_64 -dynamic-linker /lib64/ld-linux-x86-64.so.2 -o cmTC_09e4e /lib/../lib64/crt1.o /lib/../lib64/crti.o /cvmfs/sft.cern.ch/lcg/releases/gcc/9.2.0-afc57/x86_64-centos7/bin/../lib/gcc/x86_64-pc-linux-gnu/9.2.0/crtbegin.o -L/cvmfs/sft.cern.ch/lcg/releases/gcc/9.2.0-afc57/x86_64-centos7/bin/../lib/gcc/x86_64-pc-linux-gnu/9.2.0 -L/cvmfs/sft.cern.ch/lcg/releases/gcc/9.2.0-afc57/x86_64-centos7/bin/../lib/gcc -L/cvmfs/sft.cern.ch/lcg/releases/gcc/9.2.0-afc57/x86_64-centos7/bin/../lib/gcc/x86_64-pc-linux-gnu/9.2.0/../../../../lib64 -L/lib/../lib64 -L/usr/lib/../lib64 -L/cvmfs/sft.cern.ch/lcg/releases/gcc/9.2.0-afc57/x86_64-centos7/bin/../lib/gcc/x86_64-pc-linux-gnu/9.2.0/../../.. CMakeFiles/cmTC_09e4e.dir/CMakeCCompilerABI.c.o -lgcc --push-state --as-needed -lgcc_s --pop-state -lc -lgcc --push-state --as-needed -lgcc_s --pop-state /cvmfs/sft.cern.ch/lcg/releases/gcc/9.2.0-afc57/x86_64-centos7/bin/../lib/gcc/x86_64-pc-linux-gnu/9.2.0/crtend.o /lib/../lib64/crtn.o]
    arg [/cvmfs/sft.cern.ch/lcg/releases/gcc/9.2.0-afc57/x86_64-centos7/bin/../libexec/gcc/x86_64-pc-linux-gnu/9.2.0/collect2] ==> ignore
    arg [-plugin] ==> ignore
    arg [/cvmfs/sft.cern.ch/lcg/releases/gcc/9.2.0-afc57/x86_64-centos7/bin/../libexec/gcc/x86_64-pc-linux-gnu/9.2.0/liblto_plugin.so] ==> ignore
    arg [-plugin-opt=/cvmfs/sft.cern.ch/lcg/releases/gcc/9.2.0-afc57/x86_64-centos7/bin/../libexec/gcc/x86_64-pc-linux-gnu/9.2.0/lto-wrapper] ==> ignore
    arg [-plugin-opt=-fresolution=/tmp/zhenw/ccRyFWs9.res] ==> ignore
    arg [-plugin-opt=-pass-through=-lgcc] ==> ignore
    arg [-plugin-opt=-pass-through=-lgcc_s] ==> ignore
    arg [-plugin-opt=-pass-through=-lc] ==> ignore
    arg [-plugin-opt=-pass-through=-lgcc] ==> ignore
    arg [-plugin-opt=-pass-through=-lgcc_s] ==> ignore
    arg [--eh-frame-hdr] ==> ignore
    arg [-m] ==> ignore
    arg [elf_x86_64] ==> ignore
    arg [-dynamic-linker] ==> ignore
    arg [/lib64/ld-linux-x86-64.so.2] ==> ignore
    arg [-o] ==> ignore
    arg [cmTC_09e4e] ==> ignore
    arg [/lib/../lib64/crt1.o] ==> ignore
    arg [/lib/../lib64/crti.o] ==> ignore
    arg [/cvmfs/sft.cern.ch/lcg/releases/gcc/9.2.0-afc57/x86_64-centos7/bin/../lib/gcc/x86_64-pc-linux-gnu/9.2.0/crtbegin.o] ==> ignore
    arg [-L/cvmfs/sft.cern.ch/lcg/releases/gcc/9.2.0-afc57/x86_64-centos7/bin/../lib/gcc/x86_64-pc-linux-gnu/9.2.0] ==> dir [/cvmfs/sft.cern.ch/lcg/releases/gcc/9.2.0-afc57/x86_64-centos7/bin/../lib/gcc/x86_64-pc-linux-gnu/9.2.0]
    arg [-L/cvmfs/sft.cern.ch/lcg/releases/gcc/9.2.0-afc57/x86_64-centos7/bin/../lib/gcc] ==> dir [/cvmfs/sft.cern.ch/lcg/releases/gcc/9.2.0-afc57/x86_64-centos7/bin/../lib/gcc]
    arg [-L/cvmfs/sft.cern.ch/lcg/releases/gcc/9.2.0-afc57/x86_64-centos7/bin/../lib/gcc/x86_64-pc-linux-gnu/9.2.0/../../../../lib64] ==> dir [/cvmfs/sft.cern.ch/lcg/releases/gcc/9.2.0-afc57/x86_64-centos7/bin/../lib/gcc/x86_64-pc-linux-gnu/9.2.0/../../../../lib64]
    arg [-L/lib/../lib64] ==> dir [/lib/../lib64]
    arg [-L/usr/lib/../lib64] ==> dir [/usr/lib/../lib64]
    arg [-L/cvmfs/sft.cern.ch/lcg/releases/gcc/9.2.0-afc57/x86_64-centos7/bin/../lib/gcc/x86_64-pc-linux-gnu/9.2.0/../../..] ==> dir [/cvmfs/sft.cern.ch/lcg/releases/gcc/9.2.0-afc57/x86_64-centos7/bin/../lib/gcc/x86_64-pc-linux-gnu/9.2.0/../../..]
    arg [CMakeFiles/cmTC_09e4e.dir/CMakeCCompilerABI.c.o] ==> ignore
    arg [-lgcc] ==> lib [gcc]
    arg [--push-state] ==> ignore
    arg [--as-needed] ==> ignore
    arg [-lgcc_s] ==> lib [gcc_s]
    arg [--pop-state] ==> ignore
    arg [-lc] ==> lib [c]
    arg [-lgcc] ==> lib [gcc]
    arg [--push-state] ==> ignore
    arg [--as-needed] ==> ignore
    arg [-lgcc_s] ==> lib [gcc_s]
    arg [--pop-state] ==> ignore
    arg [/cvmfs/sft.cern.ch/lcg/releases/gcc/9.2.0-afc57/x86_64-centos7/bin/../lib/gcc/x86_64-pc-linux-gnu/9.2.0/crtend.o] ==> ignore
    arg [/lib/../lib64/crtn.o] ==> ignore
  collapse library dir [/cvmfs/sft.cern.ch/lcg/releases/gcc/9.2.0-afc57/x86_64-centos7/bin/../lib/gcc/x86_64-pc-linux-gnu/9.2.0] ==> [/cvmfs/sft.cern.ch/lcg/releases/gcc/9.2.0-afc57/x86_64-centos7/lib/gcc/x86_64-pc-linux-gnu/9.2.0]
  collapse library dir [/cvmfs/sft.cern.ch/lcg/releases/gcc/9.2.0-afc57/x86_64-centos7/bin/../lib/gcc] ==> [/cvmfs/sft.cern.ch/lcg/releases/gcc/9.2.0-afc57/x86_64-centos7/lib/gcc]
  collapse library dir [/cvmfs/sft.cern.ch/lcg/releases/gcc/9.2.0-afc57/x86_64-centos7/bin/../lib/gcc/x86_64-pc-linux-gnu/9.2.0/../../../../lib64] ==> [/cvmfs/sft.cern.ch/lcg/releases/gcc/9.2.0-afc57/x86_64-centos7/lib64]
  collapse library dir [/lib/../lib64] ==> [/lib64]
  collapse library dir [/usr/lib/../lib64] ==> [/usr/lib64]
  collapse library dir [/cvmfs/sft.cern.ch/lcg/releases/gcc/9.2.0-afc57/x86_64-centos7/bin/../lib/gcc/x86_64-pc-linux-gnu/9.2.0/../../..] ==> [/cvmfs/sft.cern.ch/lcg/releases/gcc/9.2.0-afc57/x86_64-centos7/lib]
  implicit libs: [gcc;gcc_s;c;gcc;gcc_s]
  implicit dirs: [/cvmfs/sft.cern.ch/lcg/releases/gcc/9.2.0-afc57/x86_64-centos7/lib/gcc/x86_64-pc-linux-gnu/9.2.0;/cvmfs/sft.cern.ch/lcg/releases/gcc/9.2.0-afc57/x86_64-centos7/lib/gcc;/cvmfs/sft.cern.ch/lcg/releases/gcc/9.2.0-afc57/x86_64-centos7/lib64;/lib64;/usr/lib64;/cvmfs/sft.cern.ch/lcg/releases/gcc/9.2.0-afc57/x86_64-centos7/lib]
  implicit fwks: []


Determining if the CXX compiler works passed with the following output:
Change Dir: /afs/cern.ch/work/z/zhenw/private/vbs/fake_ntuple/nn_ntuple/treemaker/build/CMakeFiles/CMakeTmp

Run Build Command(s):/usr/bin/gmake cmTC_78b55/fast && /usr/bin/gmake  -f CMakeFiles/cmTC_78b55.dir/build.make CMakeFiles/cmTC_78b55.dir/build
gmake[1]: Entering directory `/afs/cern.ch/work/z/zhenw/private/vbs/fake_ntuple/nn_ntuple/treemaker/build/CMakeFiles/CMakeTmp'
Building CXX object CMakeFiles/cmTC_78b55.dir/testCXXCompiler.cxx.o
/cvmfs/sft.cern.ch/lcg/releases/gcc/9.2.0-afc57/x86_64-centos7/bin/g++    -std=gnu++17 -o CMakeFiles/cmTC_78b55.dir/testCXXCompiler.cxx.o -c /afs/cern.ch/work/z/zhenw/private/vbs/fake_ntuple/nn_ntuple/treemaker/build/CMakeFiles/CMakeTmp/testCXXCompiler.cxx
Linking CXX executable cmTC_78b55
/afs/cern.ch/work/z/zhenw/private/software/cmake/cmake-3.17.3-Linux-x86_64/bin/cmake -E cmake_link_script CMakeFiles/cmTC_78b55.dir/link.txt --verbose=1
/cvmfs/sft.cern.ch/lcg/releases/gcc/9.2.0-afc57/x86_64-centos7/bin/g++       CMakeFiles/cmTC_78b55.dir/testCXXCompiler.cxx.o  -o cmTC_78b55 
gmake[1]: Leaving directory `/afs/cern.ch/work/z/zhenw/private/vbs/fake_ntuple/nn_ntuple/treemaker/build/CMakeFiles/CMakeTmp'



Detecting CXX compiler ABI info compiled with the following output:
Change Dir: /afs/cern.ch/work/z/zhenw/private/vbs/fake_ntuple/nn_ntuple/treemaker/build/CMakeFiles/CMakeTmp

Run Build Command(s):/usr/bin/gmake cmTC_ac86e/fast && /usr/bin/gmake  -f CMakeFiles/cmTC_ac86e.dir/build.make CMakeFiles/cmTC_ac86e.dir/build
gmake[1]: Entering directory `/afs/cern.ch/work/z/zhenw/private/vbs/fake_ntuple/nn_ntuple/treemaker/build/CMakeFiles/CMakeTmp'
Building CXX object CMakeFiles/cmTC_ac86e.dir/CMakeCXXCompilerABI.cpp.o
/cvmfs/sft.cern.ch/lcg/releases/gcc/9.2.0-afc57/x86_64-centos7/bin/g++    -v -std=gnu++17 -o CMakeFiles/cmTC_ac86e.dir/CMakeCXXCompilerABI.cpp.o -c /afs/cern.ch/work/z/zhenw/private/software/cmake/cmake-3.17.3-Linux-x86_64/share/cmake-3.17/Modules/CMakeCXXCompilerABI.cpp
Using built-in specs.
COLLECT_GCC=/cvmfs/sft.cern.ch/lcg/releases/gcc/9.2.0-afc57/x86_64-centos7/bin/g++
Target: x86_64-pc-linux-gnu
Configured with: /build/gcc/build/contrib/gcc-9.2.0/src/gcc/9.2.0/configure --prefix=/build/gcc/lcgcmake-install/gcc/9.2.0/x86_64-centos7 -with-system-zlib --disable-multilib --enable-languages=all --with-gnu-ld --with-gnu-as
Thread model: posix
gcc version 9.2.0 (GCC) 
COLLECT_GCC_OPTIONS='-v' '-std=gnu++17' '-o' 'CMakeFiles/cmTC_ac86e.dir/CMakeCXXCompilerABI.cpp.o' '-c' '-shared-libgcc' '-mtune=generic' '-march=x86-64'
 /cvmfs/sft.cern.ch/lcg/releases/gcc/9.2.0-afc57/x86_64-centos7/bin/../libexec/gcc/x86_64-pc-linux-gnu/9.2.0/cc1plus -quiet -v -iprefix /cvmfs/sft.cern.ch/lcg/releases/gcc/9.2.0-afc57/x86_64-centos7/bin/../lib/gcc/x86_64-pc-linux-gnu/9.2.0/ -isystem /cvmfs/sft.cern.ch/lcg/releases/gcc/9.2.0-afc57/x86_64-centos7/include -D_GNU_SOURCE /afs/cern.ch/work/z/zhenw/private/software/cmake/cmake-3.17.3-Linux-x86_64/share/cmake-3.17/Modules/CMakeCXXCompilerABI.cpp -quiet -dumpbase CMakeCXXCompilerABI.cpp -mtune=generic -march=x86-64 -auxbase-strip CMakeFiles/cmTC_ac86e.dir/CMakeCXXCompilerABI.cpp.o -std=gnu++17 -version -o /tmp/zhenw/ccneLk7F.s
GNU C++17 (GCC) version 9.2.0 (x86_64-pc-linux-gnu)
	compiled by GNU C version 9.2.0, GMP version 6.1.0, MPFR version 3.1.4, MPC version 1.0.3, isl version isl-0.18-GMP

GGC heuristics: --param ggc-min-expand=100 --param ggc-min-heapsize=131072
ignoring nonexistent directory "/cvmfs/sft.cern.ch/lcg/releases/gcc/9.2.0-afc57/x86_64-centos7/bin/../lib/gcc/x86_64-pc-linux-gnu/9.2.0/../../../../x86_64-pc-linux-gnu/include"
ignoring duplicate directory "/cvmfs/sft.cern.ch/lcg/releases/gcc/9.2.0-afc57/x86_64-centos7/bin/../lib/gcc/../../lib/gcc/x86_64-pc-linux-gnu/9.2.0/../../../../include/c++/9.2.0"
ignoring duplicate directory "/cvmfs/sft.cern.ch/lcg/releases/gcc/9.2.0-afc57/x86_64-centos7/bin/../lib/gcc/../../lib/gcc/x86_64-pc-linux-gnu/9.2.0/../../../../include/c++/9.2.0/x86_64-pc-linux-gnu"
ignoring duplicate directory "/cvmfs/sft.cern.ch/lcg/releases/gcc/9.2.0-afc57/x86_64-centos7/bin/../lib/gcc/../../lib/gcc/x86_64-pc-linux-gnu/9.2.0/../../../../include/c++/9.2.0/backward"
ignoring duplicate directory "/cvmfs/sft.cern.ch/lcg/releases/gcc/9.2.0-afc57/x86_64-centos7/bin/../lib/gcc/../../lib/gcc/x86_64-pc-linux-gnu/9.2.0/include"
ignoring duplicate directory "/cvmfs/sft.cern.ch/lcg/releases/gcc/9.2.0-afc57/x86_64-centos7/bin/../lib/gcc/../../include"
ignoring duplicate directory "/cvmfs/sft.cern.ch/lcg/releases/gcc/9.2.0-afc57/x86_64-centos7/bin/../lib/gcc/../../lib/gcc/x86_64-pc-linux-gnu/9.2.0/include-fixed"
ignoring nonexistent directory "/cvmfs/sft.cern.ch/lcg/releases/gcc/9.2.0-afc57/x86_64-centos7/bin/../lib/gcc/../../lib/gcc/x86_64-pc-linux-gnu/9.2.0/../../../../x86_64-pc-linux-gnu/include"
#include "..." search starts here:
#include <...> search starts here:
 /cvmfs/sft.cern.ch/lcg/releases/gcc/9.2.0-afc57/x86_64-centos7/include
 /cvmfs/sft.cern.ch/lcg/views/LCG_97rc4python3/x86_64-centos7-gcc9-opt/include
 /cvmfs/sft.cern.ch/lcg/releases/gcc/9.2.0-afc57/x86_64-centos7/bin/../lib/gcc/x86_64-pc-linux-gnu/9.2.0/../../../../include/c++/9.2.0
 /cvmfs/sft.cern.ch/lcg/releases/gcc/9.2.0-afc57/x86_64-centos7/bin/../lib/gcc/x86_64-pc-linux-gnu/9.2.0/../../../../include/c++/9.2.0/x86_64-pc-linux-gnu
 /cvmfs/sft.cern.ch/lcg/releases/gcc/9.2.0-afc57/x86_64-centos7/bin/../lib/gcc/x86_64-pc-linux-gnu/9.2.0/../../../../include/c++/9.2.0/backward
 /cvmfs/sft.cern.ch/lcg/releases/gcc/9.2.0-afc57/x86_64-centos7/bin/../lib/gcc/x86_64-pc-linux-gnu/9.2.0/include
 /cvmfs/sft.cern.ch/lcg/releases/gcc/9.2.0-afc57/x86_64-centos7/bin/../lib/gcc/x86_64-pc-linux-gnu/9.2.0/include-fixed
 /usr/local/include
 /usr/include
End of search list.
GNU C++17 (GCC) version 9.2.0 (x86_64-pc-linux-gnu)
	compiled by GNU C version 9.2.0, GMP version 6.1.0, MPFR version 3.1.4, MPC version 1.0.3, isl version isl-0.18-GMP

GGC heuristics: --param ggc-min-expand=100 --param ggc-min-heapsize=131072
Compiler executable checksum: 3b1b61401771f7962755b8a805bf1542
COLLECT_GCC_OPTIONS='-v' '-std=gnu++17' '-o' 'CMakeFiles/cmTC_ac86e.dir/CMakeCXXCompilerABI.cpp.o' '-c' '-shared-libgcc' '-mtune=generic' '-march=x86-64'
 as -v --64 -o CMakeFiles/cmTC_ac86e.dir/CMakeCXXCompilerABI.cpp.o /tmp/zhenw/ccneLk7F.s
GNU assembler version 2.30 (x86_64-pc-linux-gnu) using BFD version (GNU Binutils) 2.30
COMPILER_PATH=/cvmfs/sft.cern.ch/lcg/releases/gcc/9.2.0-afc57/x86_64-centos7/bin/../libexec/gcc/x86_64-pc-linux-gnu/9.2.0/:/cvmfs/sft.cern.ch/lcg/releases/gcc/9.2.0-afc57/x86_64-centos7/bin/../libexec/gcc/:/cvmfs/sft.cern.ch/lcg/releases/gcc/9.2.0-afc57/x86_64-centos7/
LIBRARY_PATH=/cvmfs/sft.cern.ch/lcg/releases/gcc/9.2.0-afc57/x86_64-centos7/bin/../lib/gcc/x86_64-pc-linux-gnu/9.2.0/:/cvmfs/sft.cern.ch/lcg/releases/gcc/9.2.0-afc57/x86_64-centos7/bin/../lib/gcc/:/cvmfs/sft.cern.ch/lcg/releases/gcc/9.2.0-afc57/x86_64-centos7/bin/../lib/gcc/x86_64-pc-linux-gnu/9.2.0/../../../../lib64/:/lib/../lib64/:/usr/lib/../lib64/:/cvmfs/sft.cern.ch/lcg/releases/gcc/9.2.0-afc57/x86_64-centos7/bin/../lib/gcc/x86_64-pc-linux-gnu/9.2.0/../../../:/lib/:/usr/lib/
COLLECT_GCC_OPTIONS='-v' '-std=gnu++17' '-o' 'CMakeFiles/cmTC_ac86e.dir/CMakeCXXCompilerABI.cpp.o' '-c' '-shared-libgcc' '-mtune=generic' '-march=x86-64'
Linking CXX executable cmTC_ac86e
/afs/cern.ch/work/z/zhenw/private/software/cmake/cmake-3.17.3-Linux-x86_64/bin/cmake -E cmake_link_script CMakeFiles/cmTC_ac86e.dir/link.txt --verbose=1
/cvmfs/sft.cern.ch/lcg/releases/gcc/9.2.0-afc57/x86_64-centos7/bin/g++      -v CMakeFiles/cmTC_ac86e.dir/CMakeCXXCompilerABI.cpp.o  -o cmTC_ac86e 
Using built-in specs.
COLLECT_GCC=/cvmfs/sft.cern.ch/lcg/releases/gcc/9.2.0-afc57/x86_64-centos7/bin/g++
COLLECT_LTO_WRAPPER=/cvmfs/sft.cern.ch/lcg/releases/gcc/9.2.0-afc57/x86_64-centos7/bin/../libexec/gcc/x86_64-pc-linux-gnu/9.2.0/lto-wrapper
Target: x86_64-pc-linux-gnu
Configured with: /build/gcc/build/contrib/gcc-9.2.0/src/gcc/9.2.0/configure --prefix=/build/gcc/lcgcmake-install/gcc/9.2.0/x86_64-centos7 -with-system-zlib --disable-multilib --enable-languages=all --with-gnu-ld --with-gnu-as
Thread model: posix
gcc version 9.2.0 (GCC) 
COMPILER_PATH=/cvmfs/sft.cern.ch/lcg/releases/gcc/9.2.0-afc57/x86_64-centos7/bin/../libexec/gcc/x86_64-pc-linux-gnu/9.2.0/:/cvmfs/sft.cern.ch/lcg/releases/gcc/9.2.0-afc57/x86_64-centos7/bin/../libexec/gcc/:/cvmfs/sft.cern.ch/lcg/releases/gcc/9.2.0-afc57/x86_64-centos7/
LIBRARY_PATH=/cvmfs/sft.cern.ch/lcg/releases/gcc/9.2.0-afc57/x86_64-centos7/bin/../lib/gcc/x86_64-pc-linux-gnu/9.2.0/:/cvmfs/sft.cern.ch/lcg/releases/gcc/9.2.0-afc57/x86_64-centos7/bin/../lib/gcc/:/cvmfs/sft.cern.ch/lcg/releases/gcc/9.2.0-afc57/x86_64-centos7/bin/../lib/gcc/x86_64-pc-linux-gnu/9.2.0/../../../../lib64/:/lib/../lib64/:/usr/lib/../lib64/:/cvmfs/sft.cern.ch/lcg/releases/gcc/9.2.0-afc57/x86_64-centos7/bin/../lib/gcc/x86_64-pc-linux-gnu/9.2.0/../../../:/lib/:/usr/lib/
COLLECT_GCC_OPTIONS='-v' '-o' 'cmTC_ac86e' '-shared-libgcc' '-mtune=generic' '-march=x86-64'
 /cvmfs/sft.cern.ch/lcg/releases/gcc/9.2.0-afc57/x86_64-centos7/bin/../libexec/gcc/x86_64-pc-linux-gnu/9.2.0/collect2 -plugin /cvmfs/sft.cern.ch/lcg/releases/gcc/9.2.0-afc57/x86_64-centos7/bin/../libexec/gcc/x86_64-pc-linux-gnu/9.2.0/liblto_plugin.so -plugin-opt=/cvmfs/sft.cern.ch/lcg/releases/gcc/9.2.0-afc57/x86_64-centos7/bin/../libexec/gcc/x86_64-pc-linux-gnu/9.2.0/lto-wrapper -plugin-opt=-fresolution=/tmp/zhenw/ccsBYtJD.res -plugin-opt=-pass-through=-lgcc_s -plugin-opt=-pass-through=-lgcc -plugin-opt=-pass-through=-lc -plugin-opt=-pass-through=-lgcc_s -plugin-opt=-pass-through=-lgcc --eh-frame-hdr -m elf_x86_64 -dynamic-linker /lib64/ld-linux-x86-64.so.2 -o cmTC_ac86e /lib/../lib64/crt1.o /lib/../lib64/crti.o /cvmfs/sft.cern.ch/lcg/releases/gcc/9.2.0-afc57/x86_64-centos7/bin/../lib/gcc/x86_64-pc-linux-gnu/9.2.0/crtbegin.o -L/cvmfs/sft.cern.ch/lcg/releases/gcc/9.2.0-afc57/x86_64-centos7/bin/../lib/gcc/x86_64-pc-linux-gnu/9.2.0 -L/cvmfs/sft.cern.ch/lcg/releases/gcc/9.2.0-afc57/x86_64-centos7/bin/../lib/gcc -L/cvmfs/sft.cern.ch/lcg/releases/gcc/9.2.0-afc57/x86_64-centos7/bin/../lib/gcc/x86_64-pc-linux-gnu/9.2.0/../../../../lib64 -L/lib/../lib64 -L/usr/lib/../lib64 -L/cvmfs/sft.cern.ch/lcg/releases/gcc/9.2.0-afc57/x86_64-centos7/bin/../lib/gcc/x86_64-pc-linux-gnu/9.2.0/../../.. CMakeFiles/cmTC_ac86e.dir/CMakeCXXCompilerABI.cpp.o -lstdc++ -lm -lgcc_s -lgcc -lc -lgcc_s -lgcc /cvmfs/sft.cern.ch/lcg/releases/gcc/9.2.0-afc57/x86_64-centos7/bin/../lib/gcc/x86_64-pc-linux-gnu/9.2.0/crtend.o /lib/../lib64/crtn.o
COLLECT_GCC_OPTIONS='-v' '-o' 'cmTC_ac86e' '-shared-libgcc' '-mtune=generic' '-march=x86-64'
gmake[1]: Leaving directory `/afs/cern.ch/work/z/zhenw/private/vbs/fake_ntuple/nn_ntuple/treemaker/build/CMakeFiles/CMakeTmp'



Parsed CXX implicit include dir info from above output: rv=done
  found start of include info
  found start of implicit include info
    add: [/cvmfs/sft.cern.ch/lcg/releases/gcc/9.2.0-afc57/x86_64-centos7/include]
    add: [/cvmfs/sft.cern.ch/lcg/views/LCG_97rc4python3/x86_64-centos7-gcc9-opt/include]
    add: [/cvmfs/sft.cern.ch/lcg/releases/gcc/9.2.0-afc57/x86_64-centos7/bin/../lib/gcc/x86_64-pc-linux-gnu/9.2.0/../../../../include/c++/9.2.0]
    add: [/cvmfs/sft.cern.ch/lcg/releases/gcc/9.2.0-afc57/x86_64-centos7/bin/../lib/gcc/x86_64-pc-linux-gnu/9.2.0/../../../../include/c++/9.2.0/x86_64-pc-linux-gnu]
    add: [/cvmfs/sft.cern.ch/lcg/releases/gcc/9.2.0-afc57/x86_64-centos7/bin/../lib/gcc/x86_64-pc-linux-gnu/9.2.0/../../../../include/c++/9.2.0/backward]
    add: [/cvmfs/sft.cern.ch/lcg/releases/gcc/9.2.0-afc57/x86_64-centos7/bin/../lib/gcc/x86_64-pc-linux-gnu/9.2.0/include]
    add: [/cvmfs/sft.cern.ch/lcg/releases/gcc/9.2.0-afc57/x86_64-centos7/bin/../lib/gcc/x86_64-pc-linux-gnu/9.2.0/include-fixed]
    add: [/usr/local/include]
    add: [/usr/include]
  end of search list found
  collapse include dir [/cvmfs/sft.cern.ch/lcg/releases/gcc/9.2.0-afc57/x86_64-centos7/include] ==> [/cvmfs/sft.cern.ch/lcg/releases/gcc/9.2.0-afc57/x86_64-centos7/include]
  collapse include dir [/cvmfs/sft.cern.ch/lcg/views/LCG_97rc4python3/x86_64-centos7-gcc9-opt/include] ==> [/cvmfs/sft.cern.ch/lcg/views/LCG_97rc4python3/x86_64-centos7-gcc9-opt/include]
  collapse include dir [/cvmfs/sft.cern.ch/lcg/releases/gcc/9.2.0-afc57/x86_64-centos7/bin/../lib/gcc/x86_64-pc-linux-gnu/9.2.0/../../../../include/c++/9.2.0] ==> [/cvmfs/sft.cern.ch/lcg/releases/gcc/9.2.0-afc57/x86_64-centos7/include/c++/9.2.0]
  collapse include dir [/cvmfs/sft.cern.ch/lcg/releases/gcc/9.2.0-afc57/x86_64-centos7/bin/../lib/gcc/x86_64-pc-linux-gnu/9.2.0/../../../../include/c++/9.2.0/x86_64-pc-linux-gnu] ==> [/cvmfs/sft.cern.ch/lcg/releases/gcc/9.2.0-afc57/x86_64-centos7/include/c++/9.2.0/x86_64-pc-linux-gnu]
  collapse include dir [/cvmfs/sft.cern.ch/lcg/releases/gcc/9.2.0-afc57/x86_64-centos7/bin/../lib/gcc/x86_64-pc-linux-gnu/9.2.0/../../../../include/c++/9.2.0/backward] ==> [/cvmfs/sft.cern.ch/lcg/releases/gcc/9.2.0-afc57/x86_64-centos7/include/c++/9.2.0/backward]
  collapse include dir [/cvmfs/sft.cern.ch/lcg/releases/gcc/9.2.0-afc57/x86_64-centos7/bin/../lib/gcc/x86_64-pc-linux-gnu/9.2.0/include] ==> [/cvmfs/sft.cern.ch/lcg/releases/gcc/9.2.0-afc57/x86_64-centos7/lib/gcc/x86_64-pc-linux-gnu/9.2.0/include]
  collapse include dir [/cvmfs/sft.cern.ch/lcg/releases/gcc/9.2.0-afc57/x86_64-centos7/bin/../lib/gcc/x86_64-pc-linux-gnu/9.2.0/include-fixed] ==> [/cvmfs/sft.cern.ch/lcg/releases/gcc/9.2.0-afc57/x86_64-centos7/lib/gcc/x86_64-pc-linux-gnu/9.2.0/include-fixed]
  collapse include dir [/usr/local/include] ==> [/usr/local/include]
  collapse include dir [/usr/include] ==> [/usr/include]
  implicit include dirs: [/cvmfs/sft.cern.ch/lcg/releases/gcc/9.2.0-afc57/x86_64-centos7/include;/cvmfs/sft.cern.ch/lcg/views/LCG_97rc4python3/x86_64-centos7-gcc9-opt/include;/cvmfs/sft.cern.ch/lcg/releases/gcc/9.2.0-afc57/x86_64-centos7/include/c++/9.2.0;/cvmfs/sft.cern.ch/lcg/releases/gcc/9.2.0-afc57/x86_64-centos7/include/c++/9.2.0/x86_64-pc-linux-gnu;/cvmfs/sft.cern.ch/lcg/releases/gcc/9.2.0-afc57/x86_64-centos7/include/c++/9.2.0/backward;/cvmfs/sft.cern.ch/lcg/releases/gcc/9.2.0-afc57/x86_64-centos7/lib/gcc/x86_64-pc-linux-gnu/9.2.0/include;/cvmfs/sft.cern.ch/lcg/releases/gcc/9.2.0-afc57/x86_64-centos7/lib/gcc/x86_64-pc-linux-gnu/9.2.0/include-fixed;/usr/local/include;/usr/include]


Parsed CXX implicit link information from above output:
  link line regex: [^( *|.*[/\])(ld|CMAKE_LINK_STARTFILE-NOTFOUND|([^/\]+-)?ld|collect2)[^/\]*( |$)]
  ignore line: [Change Dir: /afs/cern.ch/work/z/zhenw/private/vbs/fake_ntuple/nn_ntuple/treemaker/build/CMakeFiles/CMakeTmp]
  ignore line: []
  ignore line: [Run Build Command(s):/usr/bin/gmake cmTC_ac86e/fast && /usr/bin/gmake  -f CMakeFiles/cmTC_ac86e.dir/build.make CMakeFiles/cmTC_ac86e.dir/build]
  ignore line: [gmake[1]: Entering directory `/afs/cern.ch/work/z/zhenw/private/vbs/fake_ntuple/nn_ntuple/treemaker/build/CMakeFiles/CMakeTmp']
  ignore line: [Building CXX object CMakeFiles/cmTC_ac86e.dir/CMakeCXXCompilerABI.cpp.o]
  ignore line: [/cvmfs/sft.cern.ch/lcg/releases/gcc/9.2.0-afc57/x86_64-centos7/bin/g++    -v -std=gnu++17 -o CMakeFiles/cmTC_ac86e.dir/CMakeCXXCompilerABI.cpp.o -c /afs/cern.ch/work/z/zhenw/private/software/cmake/cmake-3.17.3-Linux-x86_64/share/cmake-3.17/Modules/CMakeCXXCompilerABI.cpp]
  ignore line: [Using built-in specs.]
  ignore line: [COLLECT_GCC=/cvmfs/sft.cern.ch/lcg/releases/gcc/9.2.0-afc57/x86_64-centos7/bin/g++]
  ignore line: [Target: x86_64-pc-linux-gnu]
  ignore line: [Configured with: /build/gcc/build/contrib/gcc-9.2.0/src/gcc/9.2.0/configure --prefix=/build/gcc/lcgcmake-install/gcc/9.2.0/x86_64-centos7 -with-system-zlib --disable-multilib --enable-languages=all --with-gnu-ld --with-gnu-as]
  ignore line: [Thread model: posix]
  ignore line: [gcc version 9.2.0 (GCC) ]
  ignore line: [COLLECT_GCC_OPTIONS='-v' '-std=gnu++17' '-o' 'CMakeFiles/cmTC_ac86e.dir/CMakeCXXCompilerABI.cpp.o' '-c' '-shared-libgcc' '-mtune=generic' '-march=x86-64']
  ignore line: [ /cvmfs/sft.cern.ch/lcg/releases/gcc/9.2.0-afc57/x86_64-centos7/bin/../libexec/gcc/x86_64-pc-linux-gnu/9.2.0/cc1plus -quiet -v -iprefix /cvmfs/sft.cern.ch/lcg/releases/gcc/9.2.0-afc57/x86_64-centos7/bin/../lib/gcc/x86_64-pc-linux-gnu/9.2.0/ -isystem /cvmfs/sft.cern.ch/lcg/releases/gcc/9.2.0-afc57/x86_64-centos7/include -D_GNU_SOURCE /afs/cern.ch/work/z/zhenw/private/software/cmake/cmake-3.17.3-Linux-x86_64/share/cmake-3.17/Modules/CMakeCXXCompilerABI.cpp -quiet -dumpbase CMakeCXXCompilerABI.cpp -mtune=generic -march=x86-64 -auxbase-strip CMakeFiles/cmTC_ac86e.dir/CMakeCXXCompilerABI.cpp.o -std=gnu++17 -version -o /tmp/zhenw/ccneLk7F.s]
  ignore line: [GNU C++17 (GCC) version 9.2.0 (x86_64-pc-linux-gnu)]
  ignore line: [	compiled by GNU C version 9.2.0  GMP version 6.1.0  MPFR version 3.1.4  MPC version 1.0.3  isl version isl-0.18-GMP]
  ignore line: []
  ignore line: [GGC heuristics: --param ggc-min-expand=100 --param ggc-min-heapsize=131072]
  ignore line: [ignoring nonexistent directory "/cvmfs/sft.cern.ch/lcg/releases/gcc/9.2.0-afc57/x86_64-centos7/bin/../lib/gcc/x86_64-pc-linux-gnu/9.2.0/../../../../x86_64-pc-linux-gnu/include"]
  ignore line: [ignoring duplicate directory "/cvmfs/sft.cern.ch/lcg/releases/gcc/9.2.0-afc57/x86_64-centos7/bin/../lib/gcc/../../lib/gcc/x86_64-pc-linux-gnu/9.2.0/../../../../include/c++/9.2.0"]
  ignore line: [ignoring duplicate directory "/cvmfs/sft.cern.ch/lcg/releases/gcc/9.2.0-afc57/x86_64-centos7/bin/../lib/gcc/../../lib/gcc/x86_64-pc-linux-gnu/9.2.0/../../../../include/c++/9.2.0/x86_64-pc-linux-gnu"]
  ignore line: [ignoring duplicate directory "/cvmfs/sft.cern.ch/lcg/releases/gcc/9.2.0-afc57/x86_64-centos7/bin/../lib/gcc/../../lib/gcc/x86_64-pc-linux-gnu/9.2.0/../../../../include/c++/9.2.0/backward"]
  ignore line: [ignoring duplicate directory "/cvmfs/sft.cern.ch/lcg/releases/gcc/9.2.0-afc57/x86_64-centos7/bin/../lib/gcc/../../lib/gcc/x86_64-pc-linux-gnu/9.2.0/include"]
  ignore line: [ignoring duplicate directory "/cvmfs/sft.cern.ch/lcg/releases/gcc/9.2.0-afc57/x86_64-centos7/bin/../lib/gcc/../../include"]
  ignore line: [ignoring duplicate directory "/cvmfs/sft.cern.ch/lcg/releases/gcc/9.2.0-afc57/x86_64-centos7/bin/../lib/gcc/../../lib/gcc/x86_64-pc-linux-gnu/9.2.0/include-fixed"]
  ignore line: [ignoring nonexistent directory "/cvmfs/sft.cern.ch/lcg/releases/gcc/9.2.0-afc57/x86_64-centos7/bin/../lib/gcc/../../lib/gcc/x86_64-pc-linux-gnu/9.2.0/../../../../x86_64-pc-linux-gnu/include"]
  ignore line: [#include "..." search starts here:]
  ignore line: [#include <...> search starts here:]
  ignore line: [ /cvmfs/sft.cern.ch/lcg/releases/gcc/9.2.0-afc57/x86_64-centos7/include]
  ignore line: [ /cvmfs/sft.cern.ch/lcg/views/LCG_97rc4python3/x86_64-centos7-gcc9-opt/include]
  ignore line: [ /cvmfs/sft.cern.ch/lcg/releases/gcc/9.2.0-afc57/x86_64-centos7/bin/../lib/gcc/x86_64-pc-linux-gnu/9.2.0/../../../../include/c++/9.2.0]
  ignore line: [ /cvmfs/sft.cern.ch/lcg/releases/gcc/9.2.0-afc57/x86_64-centos7/bin/../lib/gcc/x86_64-pc-linux-gnu/9.2.0/../../../../include/c++/9.2.0/x86_64-pc-linux-gnu]
  ignore line: [ /cvmfs/sft.cern.ch/lcg/releases/gcc/9.2.0-afc57/x86_64-centos7/bin/../lib/gcc/x86_64-pc-linux-gnu/9.2.0/../../../../include/c++/9.2.0/backward]
  ignore line: [ /cvmfs/sft.cern.ch/lcg/releases/gcc/9.2.0-afc57/x86_64-centos7/bin/../lib/gcc/x86_64-pc-linux-gnu/9.2.0/include]
  ignore line: [ /cvmfs/sft.cern.ch/lcg/releases/gcc/9.2.0-afc57/x86_64-centos7/bin/../lib/gcc/x86_64-pc-linux-gnu/9.2.0/include-fixed]
  ignore line: [ /usr/local/include]
  ignore line: [ /usr/include]
  ignore line: [End of search list.]
  ignore line: [GNU C++17 (GCC) version 9.2.0 (x86_64-pc-linux-gnu)]
  ignore line: [	compiled by GNU C version 9.2.0  GMP version 6.1.0  MPFR version 3.1.4  MPC version 1.0.3  isl version isl-0.18-GMP]
  ignore line: []
  ignore line: [GGC heuristics: --param ggc-min-expand=100 --param ggc-min-heapsize=131072]
  ignore line: [Compiler executable checksum: 3b1b61401771f7962755b8a805bf1542]
  ignore line: [COLLECT_GCC_OPTIONS='-v' '-std=gnu++17' '-o' 'CMakeFiles/cmTC_ac86e.dir/CMakeCXXCompilerABI.cpp.o' '-c' '-shared-libgcc' '-mtune=generic' '-march=x86-64']
  ignore line: [ as -v --64 -o CMakeFiles/cmTC_ac86e.dir/CMakeCXXCompilerABI.cpp.o /tmp/zhenw/ccneLk7F.s]
  ignore line: [GNU assembler version 2.30 (x86_64-pc-linux-gnu) using BFD version (GNU Binutils) 2.30]
  ignore line: [COMPILER_PATH=/cvmfs/sft.cern.ch/lcg/releases/gcc/9.2.0-afc57/x86_64-centos7/bin/../libexec/gcc/x86_64-pc-linux-gnu/9.2.0/:/cvmfs/sft.cern.ch/lcg/releases/gcc/9.2.0-afc57/x86_64-centos7/bin/../libexec/gcc/:/cvmfs/sft.cern.ch/lcg/releases/gcc/9.2.0-afc57/x86_64-centos7/]
  ignore line: [LIBRARY_PATH=/cvmfs/sft.cern.ch/lcg/releases/gcc/9.2.0-afc57/x86_64-centos7/bin/../lib/gcc/x86_64-pc-linux-gnu/9.2.0/:/cvmfs/sft.cern.ch/lcg/releases/gcc/9.2.0-afc57/x86_64-centos7/bin/../lib/gcc/:/cvmfs/sft.cern.ch/lcg/releases/gcc/9.2.0-afc57/x86_64-centos7/bin/../lib/gcc/x86_64-pc-linux-gnu/9.2.0/../../../../lib64/:/lib/../lib64/:/usr/lib/../lib64/:/cvmfs/sft.cern.ch/lcg/releases/gcc/9.2.0-afc57/x86_64-centos7/bin/../lib/gcc/x86_64-pc-linux-gnu/9.2.0/../../../:/lib/:/usr/lib/]
  ignore line: [COLLECT_GCC_OPTIONS='-v' '-std=gnu++17' '-o' 'CMakeFiles/cmTC_ac86e.dir/CMakeCXXCompilerABI.cpp.o' '-c' '-shared-libgcc' '-mtune=generic' '-march=x86-64']
  ignore line: [Linking CXX executable cmTC_ac86e]
  ignore line: [/afs/cern.ch/work/z/zhenw/private/software/cmake/cmake-3.17.3-Linux-x86_64/bin/cmake -E cmake_link_script CMakeFiles/cmTC_ac86e.dir/link.txt --verbose=1]
  ignore line: [/cvmfs/sft.cern.ch/lcg/releases/gcc/9.2.0-afc57/x86_64-centos7/bin/g++      -v CMakeFiles/cmTC_ac86e.dir/CMakeCXXCompilerABI.cpp.o  -o cmTC_ac86e ]
  ignore line: [Using built-in specs.]
  ignore line: [COLLECT_GCC=/cvmfs/sft.cern.ch/lcg/releases/gcc/9.2.0-afc57/x86_64-centos7/bin/g++]
  ignore line: [COLLECT_LTO_WRAPPER=/cvmfs/sft.cern.ch/lcg/releases/gcc/9.2.0-afc57/x86_64-centos7/bin/../libexec/gcc/x86_64-pc-linux-gnu/9.2.0/lto-wrapper]
  ignore line: [Target: x86_64-pc-linux-gnu]
  ignore line: [Configured with: /build/gcc/build/contrib/gcc-9.2.0/src/gcc/9.2.0/configure --prefix=/build/gcc/lcgcmake-install/gcc/9.2.0/x86_64-centos7 -with-system-zlib --disable-multilib --enable-languages=all --with-gnu-ld --with-gnu-as]
  ignore line: [Thread model: posix]
  ignore line: [gcc version 9.2.0 (GCC) ]
  ignore line: [COMPILER_PATH=/cvmfs/sft.cern.ch/lcg/releases/gcc/9.2.0-afc57/x86_64-centos7/bin/../libexec/gcc/x86_64-pc-linux-gnu/9.2.0/:/cvmfs/sft.cern.ch/lcg/releases/gcc/9.2.0-afc57/x86_64-centos7/bin/../libexec/gcc/:/cvmfs/sft.cern.ch/lcg/releases/gcc/9.2.0-afc57/x86_64-centos7/]
  ignore line: [LIBRARY_PATH=/cvmfs/sft.cern.ch/lcg/releases/gcc/9.2.0-afc57/x86_64-centos7/bin/../lib/gcc/x86_64-pc-linux-gnu/9.2.0/:/cvmfs/sft.cern.ch/lcg/releases/gcc/9.2.0-afc57/x86_64-centos7/bin/../lib/gcc/:/cvmfs/sft.cern.ch/lcg/releases/gcc/9.2.0-afc57/x86_64-centos7/bin/../lib/gcc/x86_64-pc-linux-gnu/9.2.0/../../../../lib64/:/lib/../lib64/:/usr/lib/../lib64/:/cvmfs/sft.cern.ch/lcg/releases/gcc/9.2.0-afc57/x86_64-centos7/bin/../lib/gcc/x86_64-pc-linux-gnu/9.2.0/../../../:/lib/:/usr/lib/]
  ignore line: [COLLECT_GCC_OPTIONS='-v' '-o' 'cmTC_ac86e' '-shared-libgcc' '-mtune=generic' '-march=x86-64']
  link line: [ /cvmfs/sft.cern.ch/lcg/releases/gcc/9.2.0-afc57/x86_64-centos7/bin/../libexec/gcc/x86_64-pc-linux-gnu/9.2.0/collect2 -plugin /cvmfs/sft.cern.ch/lcg/releases/gcc/9.2.0-afc57/x86_64-centos7/bin/../libexec/gcc/x86_64-pc-linux-gnu/9.2.0/liblto_plugin.so -plugin-opt=/cvmfs/sft.cern.ch/lcg/releases/gcc/9.2.0-afc57/x86_64-centos7/bin/../libexec/gcc/x86_64-pc-linux-gnu/9.2.0/lto-wrapper -plugin-opt=-fresolution=/tmp/zhenw/ccsBYtJD.res -plugin-opt=-pass-through=-lgcc_s -plugin-opt=-pass-through=-lgcc -plugin-opt=-pass-through=-lc -plugin-opt=-pass-through=-lgcc_s -plugin-opt=-pass-through=-lgcc --eh-frame-hdr -m elf_x86_64 -dynamic-linker /lib64/ld-linux-x86-64.so.2 -o cmTC_ac86e /lib/../lib64/crt1.o /lib/../lib64/crti.o /cvmfs/sft.cern.ch/lcg/releases/gcc/9.2.0-afc57/x86_64-centos7/bin/../lib/gcc/x86_64-pc-linux-gnu/9.2.0/crtbegin.o -L/cvmfs/sft.cern.ch/lcg/releases/gcc/9.2.0-afc57/x86_64-centos7/bin/../lib/gcc/x86_64-pc-linux-gnu/9.2.0 -L/cvmfs/sft.cern.ch/lcg/releases/gcc/9.2.0-afc57/x86_64-centos7/bin/../lib/gcc -L/cvmfs/sft.cern.ch/lcg/releases/gcc/9.2.0-afc57/x86_64-centos7/bin/../lib/gcc/x86_64-pc-linux-gnu/9.2.0/../../../../lib64 -L/lib/../lib64 -L/usr/lib/../lib64 -L/cvmfs/sft.cern.ch/lcg/releases/gcc/9.2.0-afc57/x86_64-centos7/bin/../lib/gcc/x86_64-pc-linux-gnu/9.2.0/../../.. CMakeFiles/cmTC_ac86e.dir/CMakeCXXCompilerABI.cpp.o -lstdc++ -lm -lgcc_s -lgcc -lc -lgcc_s -lgcc /cvmfs/sft.cern.ch/lcg/releases/gcc/9.2.0-afc57/x86_64-centos7/bin/../lib/gcc/x86_64-pc-linux-gnu/9.2.0/crtend.o /lib/../lib64/crtn.o]
    arg [/cvmfs/sft.cern.ch/lcg/releases/gcc/9.2.0-afc57/x86_64-centos7/bin/../libexec/gcc/x86_64-pc-linux-gnu/9.2.0/collect2] ==> ignore
    arg [-plugin] ==> ignore
    arg [/cvmfs/sft.cern.ch/lcg/releases/gcc/9.2.0-afc57/x86_64-centos7/bin/../libexec/gcc/x86_64-pc-linux-gnu/9.2.0/liblto_plugin.so] ==> ignore
    arg [-plugin-opt=/cvmfs/sft.cern.ch/lcg/releases/gcc/9.2.0-afc57/x86_64-centos7/bin/../libexec/gcc/x86_64-pc-linux-gnu/9.2.0/lto-wrapper] ==> ignore
    arg [-plugin-opt=-fresolution=/tmp/zhenw/ccsBYtJD.res] ==> ignore
    arg [-plugin-opt=-pass-through=-lgcc_s] ==> ignore
    arg [-plugin-opt=-pass-through=-lgcc] ==> ignore
    arg [-plugin-opt=-pass-through=-lc] ==> ignore
    arg [-plugin-opt=-pass-through=-lgcc_s] ==> ignore
    arg [-plugin-opt=-pass-through=-lgcc] ==> ignore
    arg [--eh-frame-hdr] ==> ignore
    arg [-m] ==> ignore
    arg [elf_x86_64] ==> ignore
    arg [-dynamic-linker] ==> ignore
    arg [/lib64/ld-linux-x86-64.so.2] ==> ignore
    arg [-o] ==> ignore
    arg [cmTC_ac86e] ==> ignore
    arg [/lib/../lib64/crt1.o] ==> ignore
    arg [/lib/../lib64/crti.o] ==> ignore
    arg [/cvmfs/sft.cern.ch/lcg/releases/gcc/9.2.0-afc57/x86_64-centos7/bin/../lib/gcc/x86_64-pc-linux-gnu/9.2.0/crtbegin.o] ==> ignore
    arg [-L/cvmfs/sft.cern.ch/lcg/releases/gcc/9.2.0-afc57/x86_64-centos7/bin/../lib/gcc/x86_64-pc-linux-gnu/9.2.0] ==> dir [/cvmfs/sft.cern.ch/lcg/releases/gcc/9.2.0-afc57/x86_64-centos7/bin/../lib/gcc/x86_64-pc-linux-gnu/9.2.0]
    arg [-L/cvmfs/sft.cern.ch/lcg/releases/gcc/9.2.0-afc57/x86_64-centos7/bin/../lib/gcc] ==> dir [/cvmfs/sft.cern.ch/lcg/releases/gcc/9.2.0-afc57/x86_64-centos7/bin/../lib/gcc]
    arg [-L/cvmfs/sft.cern.ch/lcg/releases/gcc/9.2.0-afc57/x86_64-centos7/bin/../lib/gcc/x86_64-pc-linux-gnu/9.2.0/../../../../lib64] ==> dir [/cvmfs/sft.cern.ch/lcg/releases/gcc/9.2.0-afc57/x86_64-centos7/bin/../lib/gcc/x86_64-pc-linux-gnu/9.2.0/../../../../lib64]
    arg [-L/lib/../lib64] ==> dir [/lib/../lib64]
    arg [-L/usr/lib/../lib64] ==> dir [/usr/lib/../lib64]
    arg [-L/cvmfs/sft.cern.ch/lcg/releases/gcc/9.2.0-afc57/x86_64-centos7/bin/../lib/gcc/x86_64-pc-linux-gnu/9.2.0/../../..] ==> dir [/cvmfs/sft.cern.ch/lcg/releases/gcc/9.2.0-afc57/x86_64-centos7/bin/../lib/gcc/x86_64-pc-linux-gnu/9.2.0/../../..]
    arg [CMakeFiles/cmTC_ac86e.dir/CMakeCXXCompilerABI.cpp.o] ==> ignore
    arg [-lstdc++] ==> lib [stdc++]
    arg [-lm] ==> lib [m]
    arg [-lgcc_s] ==> lib [gcc_s]
    arg [-lgcc] ==> lib [gcc]
    arg [-lc] ==> lib [c]
    arg [-lgcc_s] ==> lib [gcc_s]
    arg [-lgcc] ==> lib [gcc]
    arg [/cvmfs/sft.cern.ch/lcg/releases/gcc/9.2.0-afc57/x86_64-centos7/bin/../lib/gcc/x86_64-pc-linux-gnu/9.2.0/crtend.o] ==> ignore
    arg [/lib/../lib64/crtn.o] ==> ignore
  collapse library dir [/cvmfs/sft.cern.ch/lcg/releases/gcc/9.2.0-afc57/x86_64-centos7/bin/../lib/gcc/x86_64-pc-linux-gnu/9.2.0] ==> [/cvmfs/sft.cern.ch/lcg/releases/gcc/9.2.0-afc57/x86_64-centos7/lib/gcc/x86_64-pc-linux-gnu/9.2.0]
  collapse library dir [/cvmfs/sft.cern.ch/lcg/releases/gcc/9.2.0-afc57/x86_64-centos7/bin/../lib/gcc] ==> [/cvmfs/sft.cern.ch/lcg/releases/gcc/9.2.0-afc57/x86_64-centos7/lib/gcc]
  collapse library dir [/cvmfs/sft.cern.ch/lcg/releases/gcc/9.2.0-afc57/x86_64-centos7/bin/../lib/gcc/x86_64-pc-linux-gnu/9.2.0/../../../../lib64] ==> [/cvmfs/sft.cern.ch/lcg/releases/gcc/9.2.0-afc57/x86_64-centos7/lib64]
  collapse library dir [/lib/../lib64] ==> [/lib64]
  collapse library dir [/usr/lib/../lib64] ==> [/usr/lib64]
  collapse library dir [/cvmfs/sft.cern.ch/lcg/releases/gcc/9.2.0-afc57/x86_64-centos7/bin/../lib/gcc/x86_64-pc-linux-gnu/9.2.0/../../..] ==> [/cvmfs/sft.cern.ch/lcg/releases/gcc/9.2.0-afc57/x86_64-centos7/lib]
  implicit libs: [stdc++;m;gcc_s;gcc;c;gcc_s;gcc]
  implicit dirs: [/cvmfs/sft.cern.ch/lcg/releases/gcc/9.2.0-afc57/x86_64-centos7/lib/gcc/x86_64-pc-linux-gnu/9.2.0;/cvmfs/sft.cern.ch/lcg/releases/gcc/9.2.0-afc57/x86_64-centos7/lib/gcc;/cvmfs/sft.cern.ch/lcg/releases/gcc/9.2.0-afc57/x86_64-centos7/lib64;/lib64;/usr/lib64;/cvmfs/sft.cern.ch/lcg/releases/gcc/9.2.0-afc57/x86_64-centos7/lib]
  implicit fwks: []


